<?xml version="1.0" encoding="UTF-8"?>
<!-- Generated by org.testng.reporters.JUnitReportReporter -->
<testsuite hostname="Ahmed-Magdy" failures="0" tests="5" name="VOISAPITest.APITest" time="7.635" errors="0" timestamp="2021-09-25T15:27:10 EET" skipped="0">
  <testcase classname="VOISAPITest.APITest" name="VerifyPostByIDWithNegativeNumber" time="0.911"/>
  <system-out/>
  <testcase classname="VOISAPITest.APITest" name="CreatNewPostWithOutData" time="0.711"/>
  <system-out/>
  <testcase classname="VOISAPITest.APITest" name="VerifyReturnAllPosts" time="0.536"/>
  <system-out/>
  <testcase classname="VOISAPITest.APITest" name="CreatNewPost" time="4.307"/>
  <system-out/>
  <testcase classname="VOISAPITest.APITest" name="VerifyPostByID" time="1.170"/>
  <system-out/>
</testsuite> <!-- VOISAPITest.APITest -->
